{"/Users/theo/GitProjects/my-todos/lib/todo.js":{"path":"/Users/theo/GitProjects/my-todos/lib/todo.js","s":{"1":1,"2":4,"3":4,"4":1,"5":4,"6":4,"7":2,"8":4,"9":1,"10":4,"11":2,"12":2,"13":4,"14":1,"15":1,"16":1,"17":4,"18":0,"19":4,"20":0,"21":1,"22":0,"23":0,"24":0,"25":0,"26":0,"27":1},"b":{"1":[2,0],"2":[1,0]},"f":{"1":4,"2":4,"3":2,"4":1,"5":2,"6":1,"7":0,"8":0,"9":0,"10":0},"fnMap":{"1":{"name":"Todo","line":1,"loc":{"start":{"line":1,"column":0},"end":{"line":1,"column":20}}},"2":{"name":"contains","line":5,"loc":{"start":{"line":5,"column":2},"end":{"line":5,"column":26}}},"3":{"name":"(anonymous_3)","line":9,"loc":{"start":{"line":9,"column":18},"end":{"line":9,"column":33}}},"4":{"name":"(anonymous_4)","line":13,"loc":{"start":{"line":13,"column":14},"end":{"line":13,"column":25}}},"5":{"name":"(anonymous_5)","line":17,"loc":{"start":{"line":17,"column":13},"end":{"line":17,"column":29}}},"6":{"name":"(anonymous_6)","line":23,"loc":{"start":{"line":23,"column":16},"end":{"line":23,"column":32}}},"7":{"name":"(anonymous_7)","line":30,"loc":{"start":{"line":30,"column":16},"end":{"line":30,"column":27}}},"8":{"name":"(anonymous_8)","line":38,"loc":{"start":{"line":38,"column":16},"end":{"line":38,"column":27}}},"9":{"name":"(anonymous_9)","line":43,"loc":{"start":{"line":43,"column":16},"end":{"line":43,"column":31}}},"10":{"name":"(anonymous_10)","line":46,"loc":{"start":{"line":46,"column":21},"end":{"line":46,"column":36}}}},"statementMap":{"1":{"start":{"line":1,"column":0},"end":{"line":41,"column":1}},"2":{"start":{"line":2,"column":2},"end":{"line":2,"column":19}},"3":{"start":{"line":3,"column":2},"end":{"line":3,"column":17}},"4":{"start":{"line":5,"column":2},"end":{"line":7,"column":3}},"5":{"start":{"line":6,"column":4},"end":{"line":6,"column":38}},"6":{"start":{"line":9,"column":2},"end":{"line":11,"column":4}},"7":{"start":{"line":10,"column":4},"end":{"line":10,"column":26}},"8":{"start":{"line":13,"column":2},"end":{"line":15,"column":4}},"9":{"start":{"line":14,"column":4},"end":{"line":14,"column":24}},"10":{"start":{"line":17,"column":2},"end":{"line":21,"column":4}},"11":{"start":{"line":18,"column":4},"end":{"line":20,"column":5}},"12":{"start":{"line":19,"column":6},"end":{"line":19,"column":23}},"13":{"start":{"line":23,"column":2},"end":{"line":28,"column":4}},"14":{"start":{"line":24,"column":4},"end":{"line":24,"column":36}},"15":{"start":{"line":25,"column":4},"end":{"line":27,"column":5}},"16":{"start":{"line":26,"column":6},"end":{"line":26,"column":29}},"17":{"start":{"line":30,"column":2},"end":{"line":35,"column":4}},"18":{"start":{"line":31,"column":4},"end":{"line":34,"column":7}},"19":{"start":{"line":38,"column":2},"end":{"line":40,"column":3}},"20":{"start":{"line":39,"column":4},"end":{"line":39,"column":40}},"21":{"start":{"line":43,"column":0},"end":{"line":50,"column":1}},"22":{"start":{"line":44,"column":2},"end":{"line":44,"column":30}},"23":{"start":{"line":45,"column":2},"end":{"line":45,"column":33}},"24":{"start":{"line":46,"column":2},"end":{"line":48,"column":5}},"25":{"start":{"line":47,"column":4},"end":{"line":47,"column":19}},"26":{"start":{"line":49,"column":2},"end":{"line":49,"column":14}},"27":{"start":{"line":52,"column":0},"end":{"line":52,"column":22}}},"branchMap":{"1":{"line":18,"type":"if","locations":[{"start":{"line":18,"column":4},"end":{"line":18,"column":4}},{"start":{"line":18,"column":4},"end":{"line":18,"column":4}}]},"2":{"line":25,"type":"if","locations":[{"start":{"line":25,"column":4},"end":{"line":25,"column":4}},{"start":{"line":25,"column":4},"end":{"line":25,"column":4}}]}}}}