TN:
SF:lib/todo.js
FN:1,Todo
FN:5,contains
FN:9,(anonymous_3)
FN:13,(anonymous_4)
FN:17,(anonymous_5)
FN:23,(anonymous_6)
FN:30,(anonymous_7)
FN:38,(anonymous_8)
FN:43,(anonymous_9)
FN:46,(anonymous_10)
FNF:10
FNH:6
FNDA:8,Todo
FNDA:8,contains
FNDA:4,(anonymous_3)
FNDA:2,(anonymous_4)
FNDA:4,(anonymous_5)
FNDA:2,(anonymous_6)
FNDA:0,(anonymous_7)
FNDA:0,(anonymous_8)
FNDA:0,(anonymous_9)
FNDA:0,(anonymous_10)
DA:1,2
DA:2,8
DA:3,8
DA:5,2
DA:6,8
DA:9,8
DA:10,4
DA:13,8
DA:14,2
DA:17,8
DA:18,4
DA:19,4
DA:23,8
DA:24,2
DA:25,2
DA:26,2
DA:30,8
DA:31,0
DA:38,8
DA:39,0
DA:43,2
DA:44,0
DA:45,0
DA:46,0
DA:47,0
DA:49,0
DA:52,2
LF:27
LH:20
BRDA:18,1,0,4
BRDA:18,1,1,0
BRDA:25,2,0,2
BRDA:25,2,1,0
BRF:4
BRH:2
end_of_record
